<?xml version="1.0" encoding="UTF-8"?>
<!-- Generated by org.testng.reporters.JUnitXMLReporter -->
<testsuite hostname="del1dma978smini" ignored="0" name="Chrome Test" tests="3" failures="2" timestamp="29 Aug 2017 07:16:50 GMT" time="40.712" errors="0">
  <testcase name="facebookTitleCheck" time="7.204" classname="Ashish.TestProject.NewTest">
    <failure type="java.lang.AssertionError" message="The following asserts failed:
	expected [Ashish] but found [Facebook],
	expected [fail2] but found [fail1]">
      <![CDATA[java.lang.AssertionError: The following asserts failed:
	expected [Ashish] but found [Facebook],
	expected [fail2] but found [fail1]
	at Ashish.TestProject.NewTest.facebookTitleCheck(NewTest.java:44)
... Removed 26 stack frames]]>
    </failure>
  </testcase> <!-- facebookTitleCheck -->
  <testcase name="googleTitleCheck" time="1.902" classname="Ashish.TestProject.NewTest"/>
  <testcase name="failedRetryTest" time="4.721" classname="Ashish.TestProject.NewTest">
    <failure type="java.lang.AssertionError" message="expected [Invalid] but found [Amazon]">
      <![CDATA[java.lang.AssertionError: expected [Invalid] but found [Amazon]
	at Ashish.TestProject.NewTest.failedRetryTest(NewTest.java:54)
... Removed 31 stack frames]]>
    </failure>
  </testcase> <!-- failedRetryTest -->
</testsuite> <!-- Chrome Test -->
